<?xml version="1.0" encoding="UTF-8"?>
<!-- Generated by org.testng.reporters.JUnitXMLReporter -->
<testsuite ignored="0" hostname="SanjayWinTest" failures="1" tests="1" name="BankingApp Test" time="7.611" errors="0" timestamp="2021-08-13T23:01:44 IST">
  <testcase classname="com.inetBanking.testCases.TC_LoginPage_001" name="loginTest" time="4.416">
    <failure type="java.lang.AssertionError" message="expected [true] but found [false]">
      <![CDATA[java.lang.AssertionError: expected [true] but found [false]
at com.inetBanking.testCases.TC_LoginPage_001.loginTest(TC_LoginPage_001.java:36)
at java.base/java.util.ArrayList.forEach(ArrayList.java:1541)
... Removed 31 stack frames]]>
    </failure>
  </testcase> <!-- loginTest -->
</testsuite> <!-- BankingApp Test -->
